<?xml version="1.0" encoding="UTF-8"?>
<testsuite name="WorkerTest" tests="7" skipped="0" failures="1" errors="0" timestamp="2026-03-31T04:23:34.359Z" hostname="MOSHE-LAPTOP" time="0.095">
  <properties/>
  <testcase name="testApp()" classname="WorkerTest" time="0.026"/>
  <testcase name="[1] 1" classname="WorkerTest" time="0.023"/>
  <testcase name="[2] -1" classname="WorkerTest" time="0.001"/>
  <testcase name="[3] 55" classname="WorkerTest" time="0.0"/>
  <testcase name="[4] 0" classname="WorkerTest" time="0.001"/>
  <testcase name="[5] 934785937" classname="WorkerTest" time="0.0"/>
  <testcase name="testDiskRun()" classname="WorkerTest" time="0.011">
    <failure message="org.opentest4j.AssertionFailedError: expected: not &lt;null&gt;" type="org.opentest4j.AssertionFailedError">org.opentest4j.AssertionFailedError: expected: not &lt;null&gt;
	at app//org.junit.jupiter.api.AssertionFailureBuilder.build(AssertionFailureBuilder.java:152)
	at app//org.junit.jupiter.api.AssertionFailureBuilder.buildAndThrow(AssertionFailureBuilder.java:132)
	at app//org.junit.jupiter.api.AssertNotNull.failNull(AssertNotNull.java:49)
	at app//org.junit.jupiter.api.AssertNotNull.assertNotNull(AssertNotNull.java:35)
	at app//org.junit.jupiter.api.AssertNotNull.assertNotNull(AssertNotNull.java:30)
	at app//org.junit.jupiter.api.Assertions.assertNotNull(Assertions.java:300)
	at app//WorkerTest.testDiskRun(WorkerTest.java:55)
	at java.base@21.0.8/java.lang.reflect.Method.invoke(Method.java:580)
	at java.base@21.0.8/java.util.ArrayList.forEach(ArrayList.java:1596)
	at java.base@21.0.8/java.util.ArrayList.forEach(ArrayList.java:1596)
</failure>
  </testcase>
  <system-out><![CDATA[]]></system-out>
  <system-err><![CDATA[]]></system-err>
</testsuite>
